p/Yoshio5.png 1 0 0 2279 2279
p/Yoshio4.png 1 0 0 2279 2279
p/Yoshio3.png 1 0 0 2279 2279
p/Yoshio2.png 1 0 0 2279 2279
p/Yoshio1.png 1 0 0 2279 2279
p/Yoshio.png 1 0 0 2279 2279
p/Samir6.png 1 0 0 2279 2279
p/Samir5.png 1 0 0 2279 2279
p/Samir4.png 1 0 0 2279 2279
p/samir3.png 1 0 0 2279 2279
p/samir2.png 1 0 0 2279 2279
p/Samir.png 1 0 0 2279 2279
p/Ryan.png 1 0 0 2279 2279
p/Noel14.png 1 0 0 2279 2279
p/Noel13.png 1 0 0 2279 2279
p/Noel12.png 1 0 0 2279 2279
p/Noel11.png 1 0 0 2279 2279
p/Noel10.png 1 0 0 2279 2279
p/Noel9.png 1 0 0 2279 2279
p/Noel8.png 1 0 0 2279 2279
p/Noel7.png 1 0 0 2279 2279
p/Noel6.png 1 0 0 2279 2279
p/Noel5.png 1 0 0 2279 2279
p/Noel4.png 1 0 0 2279 2279
p/Noel3.png 1 0 0 2279 2279
p/Noel2.png 1 0 0 2279 2279
p/Noel.png 1 0 0 2279 2279
p/Noel15.png 1 0 0 2279 2279
p/Nino2.png 1 0 0 2279 2279
p/Nino.png 1 0 0 2279 2279
p/Micah.png 1 0 0 2279 2279
p/Joshua4.png 1 0 0 2279 2279
p/Joshua3.png 1 0 0 2279 2279
p/Joshua2.png 1 0 0 2279 2279
p/Joshua1.png 1 0 0 2279 2279
p/Joshua.png 1 0 0 2279 2279
p/Jonas.png 1 0 0 2279 2279
p/Johan4.png 1 0 0 2279 2279
p/Johan3.png 1 0 0 2279 2279
p/Johan2.png 1 0 0 2279 2279
p/Johan1.png 1 0 0 2279 2279
p/Johan.png 1 0 0 2279 2279
p/Heralt3.png 1 0 0 2279 2279
p/Heralt2.png 1 0 0 2279 2279
p/Heralt.png 1 0 0 2279 2279
p/Heralt5.png 1 0 0 2279 2279
p/Heralt4.png 1 0 0 2279 2279
p/Gabriel7.png 1 0 0 2279 2279
p/Gabriel6.png 1 0 0 2279 2279
p/Gabriel5.png 1 0 0 2279 2279
p/Gabriel4.png 1 0 0 2279 2279
p/Gabriel3.png 1 0 0 2279 2279
p/Gabriel2.png 1 0 0 2279 2279
p/Gabriel.png 1 0 0 2279 2279
p/Gabriel8.png 1 0 0 2279 2279
p/Frederik3.png 1 0 0 2279 2279
p/Frederik2.png 1 0 0 2279 2279
p/Frederik.png 1 0 0 2279 2279
p/Fabian.png 1 0 0 2279 2279
p/Emre6.png 1 0 0 2279 2279
p/Emre5.png 1 0 0 2279 2279
p/Emre4.png 1 0 0 2279 2279
p/Emre3.png 1 0 0 2279 2279
p/Emre2.png 1 0 0 2279 2279
p/Emre.png 1 0 0 2279 2279
p/Damian9.png 1 0 0 2279 2279
p/Damian8.png 1 0 0 2279 2279
p/Damian7.png 1 0 0 2279 2279
p/Damian6.png 1 0 0 2279 2279
p/Damian5.png 1 0 0 2279 2279
p/Damian4.png 1 0 0 2279 2279
p/Damian3.png 1 0 0 2279 2279
p/Damian2.png 1 0 0 2279 2279
p/Damian.png 1 0 0 2279 2279
p/Christiaan6.png 1 0 0 2279 2279
p/Christiaan5.png 1 0 0 2279 2279
p/Christiaan4.png 1 0 0 2279 2279
p/Christiaan3.png 1 0 0 2279 2279
p/Christiaan2.png 1 0 0 2279 2279
p/Christiaan1.png 1 0 0 2279 2279
p/Christiaan.png 1 0 0 2279 2279
p/Alfred4.png 1 0 0 2279 2279
p/Alfred3.png 1 0 0 2279 2279
p/Alfred2.png 1 0 0 2279 2279
p/Alfred.png 1 0 0 2279 2279